# JRE version: OpenJDK Runtime Environment (17.0.7) (build 17.0.7+0-b2043.56-10550314)
# Java VM: OpenJDK 64-Bit Server VM (17.0.7+0-b2043.56-10550314, mixed mode, tiered, compressed oops, compressed class ptrs, g1 gc, windows-amd64)
GC Precious Log:
 CPUs: 8 total, 8 available
 Memory: 7844M
 Large Page Support: Disabled
 NUMA Support: Disabled
 Compressed Oops: Enabled (32-bit)
 Heap Region Size: 1M
 Heap Min Capacity: 8M
 Heap Initial Capacity: 124M
 Heap Max Capacity: 2G
 Pre-touch: Disabled
 Parallel Workers: 8
 Concurrent Workers: 2
 Concurrent Refinement Workers: 8
 Periodic GC: Disabled
Heap:
 garbage-first heap   total 327680K, used 266401K [0x0000000080000000, 0x0000000100000000)
  region size 1024K, 3 young (3072K), 3 survivors (3072K)
 Metaspace       used 111153K, committed 112000K, reserved 1179648K
  class space    used 15499K, committed 15936K, reserved 1048576K
GC Heap History (20 events):
Event: 39.519 GC heap after
{Heap after GC invocations=48 (full 0):
 garbage-first heap   total 161792K, used 118678K [0x0000000080000000, 0x0000000100000000)
  region size 1024K, 4 young (4096K), 4 survivors (4096K)
 Metaspace       used 103717K, committed 104512K, reserved 1179648K
  class space    used 14238K, committed 14592K, reserved 1048576K
}
Event: 40.001 GC heap before
{Heap before GC invocations=48 (full 0):
 garbage-first heap   total 161792K, used 128918K [0x0000000080000000, 0x0000000100000000)
  region size 1024K, 7 young (7168K), 4 survivors (4096K)
 Metaspace       used 103721K, committed 104512K, reserved 1179648K
  class space    used 14238K, committed 14592K, reserved 1048576K
}
Event: 40.232 GC heap after
{Heap after GC invocations=49 (full 0):
 garbage-first heap   total 161792K, used 130235K [0x0000000080000000, 0x0000000100000000)
  region size 1024K, 3 young (3072K), 3 survivors (3072K)
 Metaspace       used 103721K, committed 104512K, reserved 1179648K
  class space    used 14238K, committed 14592K, reserved 1048576K
}
Event: 41.608 GC heap before
{Heap before GC invocations=50 (full 0):
 garbage-first heap   total 234496K, used 144571K [0x0000000080000000, 0x0000000100000000)
  region size 1024K, 11 young (11264K), 3 survivors (3072K)
 Metaspace       used 104756K, committed 105536K, reserved 1179648K
  class space    used 14392K, committed 14784K, reserved 1048576K
}
Event: 41.611 GC heap after
{Heap after GC invocations=51 (full 0):
 garbage-first heap   total 234496K, used 137695K [0x0000000080000000, 0x0000000100000000)
  region size 1024K, 1 young (1024K), 1 survivors (1024K)
 Metaspace       used 104756K, committed 105536K, reserved 1179648K
  class space    used 14392K, committed 14784K, reserved 1048576K
}
Event: 42.932 GC heap before
{Heap before GC invocations=51 (full 0):
 garbage-first heap   total 234496K, used 146911K [0x0000000080000000, 0x0000000100000000)
  region size 1024K, 11 young (11264K), 1 survivors (1024K)
 Metaspace       used 106083K, committed 106880K, reserved 1179648K
  class space    used 14598K, committed 14976K, reserved 1048576K
}
Event: 42.937 GC heap after
{Heap after GC invocations=52 (full 0):
 garbage-first heap   total 234496K, used 138107K [0x0000000080000000, 0x0000000100000000)
  region size 1024K, 2 young (2048K), 2 survivors (2048K)
 Metaspace       used 106083K, committed 106880K, reserved 1179648K
  class space    used 14598K, committed 14976K, reserved 1048576K
}
Event: 43.526 GC heap before
{Heap before GC invocations=52 (full 0):
 garbage-first heap   total 234496K, used 215931K [0x0000000080000000, 0x0000000100000000)
  region size 1024K, 28 young (28672K), 2 survivors (2048K)
 Metaspace       used 107987K, committed 108864K, reserved 1179648K
  class space    used 14872K, committed 15296K, reserved 1048576K
}
Event: 43.537 GC heap after
{Heap after GC invocations=53 (full 0):
 garbage-first heap   total 234496K, used 163893K [0x0000000080000000, 0x0000000100000000)
  region size 1024K, 5 young (5120K), 5 survivors (5120K)
 Metaspace       used 107987K, committed 108864K, reserved 1179648K
  class space    used 14872K, committed 15296K, reserved 1048576K
}
Event: 44.616 GC heap before
{Heap before GC invocations=53 (full 0):
 garbage-first heap   total 234496K, used 195637K [0x0000000080000000, 0x0000000100000000)
  region size 1024K, 29 young (29696K), 5 survivors (5120K)
 Metaspace       used 108331K, committed 109184K, reserved 1179648K
  class space    used 14924K, committed 15360K, reserved 1048576K
}
Event: 44.661 GC heap after
{Heap after GC invocations=54 (full 0):
 garbage-first heap   total 327680K, used 173419K [0x0000000080000000, 0x0000000100000000)
  region size 1024K, 4 young (4096K), 4 survivors (4096K)
 Metaspace       used 108331K, committed 109184K, reserved 1179648K
  class space    used 14924K, committed 15360K, reserved 1048576K
}
Event: 47.521 GC heap before
{Heap before GC invocations=54 (full 0):
 garbage-first heap   total 327680K, used 242027K [0x0000000080000000, 0x0000000100000000)
  region size 1024K, 68 young (69632K), 4 survivors (4096K)
 Metaspace       used 109769K, committed 110592K, reserved 1179648K
  class space    used 15274K, committed 15680K, reserved 1048576K
}
Event: 47.553 GC heap after
{Heap after GC invocations=55 (full 0):
 garbage-first heap   total 327680K, used 198588K [0x0000000080000000, 0x0000000100000000)
  region size 1024K, 9 young (9216K), 9 survivors (9216K)
 Metaspace       used 109769K, committed 110592K, reserved 1179648K
  class space    used 15274K, committed 15680K, reserved 1048576K
}
Event: 47.964 GC heap before
{Heap before GC invocations=55 (full 0):
 garbage-first heap   total 327680K, used 248764K [0x0000000080000000, 0x0000000100000000)
  region size 1024K, 59 young (60416K), 9 survivors (9216K)
 Metaspace       used 111116K, committed 111936K, reserved 1179648K
  class space    used 15499K, committed 15936K, reserved 1048576K
}
Event: 48.009 GC heap after
{Heap after GC invocations=56 (full 0):
 garbage-first heap   total 327680K, used 223292K [0x0000000080000000, 0x0000000100000000)
  region size 1024K, 8 young (8192K), 8 survivors (8192K)
 Metaspace       used 111116K, committed 111936K, reserved 1179648K
  class space    used 15499K, committed 15936K, reserved 1048576K
}
Event: 48.136 GC heap before
{Heap before GC invocations=56 (full 0):
 garbage-first heap   total 327680K, used 257084K [0x0000000080000000, 0x0000000100000000)
  region size 1024K, 42 young (43008K), 8 survivors (8192K)
 Metaspace       used 111135K, committed 112000K, reserved 1179648K
  class space    used 15499K, committed 15936K, reserved 1048576K
}
Event: 48.165 GC heap after
{Heap after GC invocations=57 (full 0):
 garbage-first heap   total 327680K, used 243490K [0x0000000080000000, 0x0000000100000000)
  region size 1024K, 6 young (6144K), 6 survivors (6144K)
 Metaspace       used 111135K, committed 112000K, reserved 1179648K
  class space    used 15499K, committed 15936K, reserved 1048576K
}
Event: 48.262 GC heap before
{Heap before GC invocations=57 (full 0):
 garbage-first heap   total 327680K, used 267042K [0x0000000080000000, 0x0000000100000000)
  region size 1024K, 29 young (29696K), 6 survivors (6144K)
 Metaspace       used 111150K, committed 112000K, reserved 1179648K
  class space    used 15499K, committed 15936K, reserved 1048576K
}
Event: 48.285 GC heap after
{Heap after GC invocations=58 (full 0):
 garbage-first heap   total 327680K, used 257307K [0x0000000080000000, 0x0000000100000000)
  region size 1024K, 4 young (4096K), 4 survivors (4096K)
 Metaspace       used 111150K, committed 112000K, reserved 1179648K
  class space    used 15499K, committed 15936K, reserved 1048576K
}
Event: 48.346 GC heap before
{Heap before GC invocations=58 (full 0):
 garbage-first heap   total 327680K, used 273691K [0x0000000080000000, 0x0000000100000000)
  region size 1024K, 20 young (20480K), 4 survivors (4096K)
 Metaspace       used 111153K, committed 112000K, reserved 1179648K
  class space    used 15499K, committed 15936K, reserved 1048576K
}

